{"date":"2024-02-11T14:51:02.224Z","error":{"message":"\"age\" is required","path":["age"]},"level":"error","message":"Validation failed","status":400}
{"date":"2024-02-11T15:09:14.772Z","error":{"message":"\"age\" is required","path":["age"]},"level":"error","message":"Validation failed","status":400}
{"date":"2024-02-11T15:10:27.555Z","error":{"message":"\"age\" is required","path":["age"]},"level":"error","message":"Validation failed","status":400}
{"date":"2024-02-11T15:17:21.138Z","error":{"message":"\"age\" must be less than or equal to 100","path":["age"]},"level":"error","message":"Validation failed","status":400}
{"date":"2024-02-11T15:23:23.611Z","error":{"message":"\"age\" is required","path":["age"]},"level":"error","message":"Validation failed","status":400}
{"date":"2024-02-11T15:56:28.438Z","error":{"message":"\"age\" is required","path":["age"]},"level":"error","message":"Validation failed","status":400}
{"date":"2024-02-11T17:27:35.074Z","error":{},"level":"error","message":"Cannot read properties of undefined (reading 'validate')"}
{"date":"2024-02-11T17:27:50.918Z","error":{},"level":"error","message":"Cannot read properties of undefined (reading 'validate')"}
{"date":"2024-02-11T17:35:04.869Z","error":{"message":"\"age\" must be less than or equal to 100","path":["age"]},"level":"error","message":"Validation failed","status":400}
{"date":"2024-02-11T17:35:52.691Z","error":{"message":"\"age\" is required","path":["age"]},"level":"error","message":"Validation failed","status":400}
{"date":"2024-02-11T17:38:59.135Z","error":{"message":"\"age\" is required","path":["age"]},"level":"error","message":"Validation failed","status":400}
{"date":"2024-02-11T17:44:16.682Z","error":{"message":"\"age\" is required","path":["age"]},"level":"error","message":"Validation failed","status":400}
{"date":"2024-02-11T18:00:33.689Z","error":{"message":"\"age\" is required","path":["age"]},"level":"error","message":"Validation failed","status":400}
{"date":"2024-02-11T18:05:41.749Z","error":{"message":"\"age\" is required","path":["age"]},"level":"error","message":"Validation failed","status":400}
{"date":"2024-02-12T07:05:15.481Z","error":{"message":"\"age\" is required","path":["age"]},"level":"error","message":"Validation failed","status":400}
{"date":"2024-02-12T07:15:35.392Z","error":{"message":"\"age\" is required","path":["age"]},"level":"error","message":"Validation failed","status":400}
{"date":"2024-02-12T07:18:28.103Z","error":{"message":"\"age\" is required","path":["age"]},"level":"error","message":"Validation failed","status":400}
{"date":"2024-02-12T07:21:37.980Z","error":{"message":"\"age\" is required","path":["age"]},"level":"error","message":"Validation failed","status":400}
{"date":"2024-02-12T07:22:39.276Z","error":{"message":"\"age\" is required","path":["age"]},"level":"error","message":"Validation failed","status":400}
{"date":"2024-02-12T07:26:02.419Z","error":{"message":"\"age\" is required","path":["age"]},"level":"error","message":"Validation failed","status":400}
{"date":"2024-02-12T08:05:49.395Z","error":{"message":"\"userId\" is required","path":["userId"]},"level":"error","message":"Validation failed","status":400}
{"date":"2024-02-12T08:18:32.568Z","error":{"message":"\"first\" is not allowed","path":["first"]},"level":"error","message":"Validation failed","status":400}
{"date":"2024-02-12T08:40:24.671Z","error":{"message":"\"image.url\" is not allowed to be empty","path":["image","url"]},"level":"error","message":"Validation failed","status":400}
{"date":"2024-02-12T09:32:12.469Z","error":{"message":"\"image.url\" is not allowed to be empty","path":["image","url"]},"level":"error","message":"Validation failed","status":400}
{"date":"2024-02-12T09:32:42.250Z","error":{"message":"\"image.url\" is not allowed to be empty","path":["image","url"]},"level":"error","message":"Validation failed","status":400}
{"date":"2024-02-12T09:41:01.126Z","error":{"message":"\"image.url\" is not allowed to be empty","path":["image","url"]},"level":"error","message":"Validation failed","status":400}
{"date":"2024-02-12T09:41:26.416Z","error":{"message":"\"image.url\" is not allowed to be empty","path":["image","url"]},"level":"error","message":"Validation failed","status":400}
{"date":"2024-02-12T09:44:10.516Z","error":{"message":"\"image.url\" is not allowed to be empty","path":["image","url"]},"level":"error","message":"Validation failed","status":400}
{"date":"2024-02-12T09:44:27.689Z","error":{"message":"\"image.url\" is not allowed to be empty","path":["image","url"]},"level":"error","message":"Validation failed","status":400}
